<?xml version="1.0" encoding="UTF-8"?>
<!-- Generated by org.testng.reporters.JUnitReportReporter -->
<testsuite hostname="Jay" failures="0" tests="5" name="Test.t1" time="0.034" errors="0" timestamp="2023-04-09T19:11:03 IST" skipped="1">
  <testcase classname="Test.t1" name="c" time="0.003"/>
  <system-out/>
  <testcase classname="Test.t1" name="c" time="0.015"/>
  <system-out/>
  <testcase classname="Test.t1" name="c" time="0.002"/>
  <system-out/>
  <testcase classname="Test.t1" name="a" time="0.014"/>
  <system-out/>
  <testcase classname="Test.t1" name="b">
    <skipped/>
  </testcase> <!-- b -->
  <system-out/>
</testsuite> <!-- Test.t1 -->
