<?xml version="1.0" encoding="UTF-8"?>
<!-- Generated by org.testng.reporters.JUnitReportReporter -->
<testsuite hostname="Jay" failures="0" tests="2" name="Test.t2" time="0.032" errors="0" timestamp="2023-04-09T19:11:03 IST" skipped="0">
  <testcase classname="Test.t2" name="school" time="0.017"/>
  <system-out/>
  <testcase classname="Test.t2" name="play" time="0.015"/>
  <system-out/>
</testsuite> <!-- Test.t2 -->
